0 info it worked if it ends with ok
1 verbose cli [ 'C:\\Program Files\\nodejs\\\\node.exe',
1 verbose cli   'C:\\Program Files\\nodejs\\node_modules\\npm\\bin\\npm-cli.js',
1 verbose cli   's',
1 verbose cli   'bootstrap' ]
2 info using npm@1.4.28
3 info using node@v0.10.33
4 verbose node symlink C:\Program Files\nodejs\\node.exe
5 info get C:\Users\Pavlo_Komenda\AppData\Roaming\npm-cache\registry.npmjs.org\-\all/.cache.json
6 verbose request where is /-/all/since?stale=update_after&startkey=1423134959718
7 verbose request registry https://registry.npmjs.org/
8 verbose request id ee5012d1240a6555
9 verbose url raw /-/all/since?stale=update_after&startkey=1423134959718
10 verbose url resolving [ 'https://registry.npmjs.org/',
10 verbose url resolving   './-/all/since?stale=update_after&startkey=1423134959718' ]
11 verbose url resolved https://registry.npmjs.org/-/all/since?stale=update_after&startkey=1423134959718
12 verbose request where is https://registry.npmjs.org/-/all/since?stale=update_after&startkey=1423134959718
13 info trying registry request attempt 1 at 10:52:34
14 http GET https://registry.npmjs.org/-/all/since?stale=update_after&startkey=1423134959718
15 info retry will retry, error on last attempt: Error: getaddrinfo ENOTFOUND
16 info trying registry request attempt 2 at 10:52:44
17 http GET https://registry.npmjs.org/-/all/since?stale=update_after&startkey=1423134959718
18 info retry will retry, error on last attempt: Error: getaddrinfo ENOTFOUND
19 info trying registry request attempt 3 at 10:53:44
20 http GET https://registry.npmjs.org/-/all/since?stale=update_after&startkey=1423134959718
21 error network getaddrinfo ENOTFOUND
21 error network This is most likely not a problem with npm itself
21 error network and is related to network connectivity.
21 error network In most cases you are behind a proxy or have bad network settings.
21 error network
21 error network If you are behind a proxy, please make sure that the
21 error network 'proxy' config is set properly.  See: 'npm help config'
22 error System Windows_NT 6.1.7601
23 error command "C:\\Program Files\\nodejs\\\\node.exe" "C:\\Program Files\\nodejs\\node_modules\\npm\\bin\\npm-cli.js" "s" "bootstrap"
24 error cwd D:\SHOP
25 error node -v v0.10.33
26 error npm -v 1.4.28
27 error syscall getaddrinfo
28 error code ENOTFOUND
29 error errno ENOTFOUND
30 verbose exit [ 1, true ]
